- [ ] FAILED tests/aws/services/cloudformation/resources/test_lambda.py::TestCfnLambdaDestinations::test_generic_destination_routing[sqs-sqs] - botocore.exceptions.ClientError: An error occurred (InternalError) when calling the CreateChangeSet operation (reached max retries: 0): exception while calling cloudformation.CreateChangeSet: Fn::Select list contains unresolved elements
- [ ] FAILED tests/aws/services/cloudformation/resources/test_stepfunctions.py::test_nested_statemachine_with_sync2 - botocore.exceptions.ClientError: An error occurred (ValidationError) when calling the CreateChangeSet operation: Template error: Fn::Select requires a list argument with two elements: an integer index and a list
- [x] FAILED tests/aws/services/cloudformation/test_change_set_fn_get_attr.py::TestChangeSetFnGetAttr::test_invalid_structure[getatt_validation.yml] - Failed: DID NOT RAISE <class 'botocore.exceptions.ClientError'>
- [x] FAILED tests/aws/services/cloudformation/test_change_set_fn_select.py::TestChangeSetFnSelect::test_fn_select_change_get_att_reference - botocore.exceptions.ClientError: An error occurred (InternalError) when calling the CreateChangeSet operation (reached max retries: 1): exception while calling cloudformation.CreateChangeSet: Fn::Select list contains unresolved elements
- [ ] FAILED tests/aws/services/cloudformation/test_change_set_fn_select.py::TestChangeSetFnSelect::test_nested_select_within_other_intrinsics - botocore.exceptions.ClientError: An error occurred (ValidationError) when calling the CreateChangeSet operation: Template error: Fn::Select requires a list argument with two elements: an integer index and a list
